-------------------------------------------------------------------------------
Test set: com.cadastro.copaDePeladas.CopaDePeladasApplicationTests
-------------------------------------------------------------------------------
Tests run: 1, Failures: 0, Errors: 1, Skipped: 0, Time elapsed: 6.946 s <<< FAILURE! - in com.cadastro.copaDePeladas.CopaDePeladasApplicationTests
contextLoads  Time elapsed: 0.003 s  <<< ERROR!
java.lang.IllegalStateException: Failed to load ApplicationContext
Caused by: org.springframework.beans.factory.UnsatisfiedDependencyException: Error creating bean with name 'cadastroAtletas': Unsatisfied dependency expressed through field 'cadastroServices'; nested exception is org.springframework.beans.factory.UnsatisfiedDependencyException: Error creating bean with name 'cadastroServices': Unsatisfied dependency expressed through field 'atletasRepository'; nested exception is org.springframework.beans.factory.BeanCreationException: Error creating bean with name 'atletasRepository' defined in com.cadastro.copaDePeladas.repositories.AtletasRepository defined in @EnableJpaRepositories declared on JpaRepositoriesRegistrar.EnableJpaRepositoriesConfiguration: Invocation of init method failed; nested exception is java.lang.IllegalArgumentException: Not a managed type: class com.cadastro.copaDePeladas.entities.Atletas
Caused by: org.springframework.beans.factory.UnsatisfiedDependencyException: Error creating bean with name 'cadastroServices': Unsatisfied dependency expressed through field 'atletasRepository'; nested exception is org.springframework.beans.factory.BeanCreationException: Error creating bean with name 'atletasRepository' defined in com.cadastro.copaDePeladas.repositories.AtletasRepository defined in @EnableJpaRepositories declared on JpaRepositoriesRegistrar.EnableJpaRepositoriesConfiguration: Invocation of init method failed; nested exception is java.lang.IllegalArgumentException: Not a managed type: class com.cadastro.copaDePeladas.entities.Atletas
Caused by: org.springframework.beans.factory.BeanCreationException: Error creating bean with name 'atletasRepository' defined in com.cadastro.copaDePeladas.repositories.AtletasRepository defined in @EnableJpaRepositories declared on JpaRepositoriesRegistrar.EnableJpaRepositoriesConfiguration: Invocation of init method failed; nested exception is java.lang.IllegalArgumentException: Not a managed type: class com.cadastro.copaDePeladas.entities.Atletas
Caused by: java.lang.IllegalArgumentException: Not a managed type: class com.cadastro.copaDePeladas.entities.Atletas

